<?xml version="1.0" encoding="UTF-8"?>
<!-- Generated by org.testng.reporters.JUnitXMLReporter -->
<testsuite ignored="0" hostname="HP" failures="0" tests="4" name="Default test" time="10.496" errors="0" timestamp="2024-04-09T01:26:46 IST">
  <testcase classname="CURD.TC_Integration" name="testCreateBooking" time="5.42"/>
  <testcase classname="CURD.TC_Integration" name="testCreateAndUpdateBooking" time="1.309"/>
  <testcase classname="CURD.TC_Integration" name="testDeleteCreateBooking" time="1.149"/>
  <testcase classname="CURD.TC_Integration" name="testDeleteBookingByGet" time="1.147"/>
</testsuite> <!-- Default test -->
