<?xml version="1.0" encoding="UTF-8"?>
<testng-results ignored="0" total="4" passed="4" failed="0" skipped="0">
  <reporter-output>
  </reporter-output>
  <suite started-at="2024-04-09T01:26:36 IST" name="Default suite" finished-at="2024-04-09T01:26:46 IST" duration-ms="10496">
    <groups>
      <group name="P0">
        <method signature="TC_Integration.testCreateBooking()[pri:0, instance:CURD.TC_Integration@2bb3058]" name="testCreateBooking" class="CURD.TC_Integration"/>
        <method signature="TC_Integration.testCreateAndUpdateBooking()[pri:0, instance:CURD.TC_Integration@2bb3058]" name="testCreateAndUpdateBooking" class="CURD.TC_Integration"/>
        <method signature="TC_Integration.testDeleteCreateBooking()[pri:0, instance:CURD.TC_Integration@2bb3058]" name="testDeleteCreateBooking" class="CURD.TC_Integration"/>
        <method signature="TC_Integration.testDeleteBookingByGet()[pri:0, instance:CURD.TC_Integration@2bb3058]" name="testDeleteBookingByGet" class="CURD.TC_Integration"/>
      </group> <!-- P0 -->
    </groups>
    <test started-at="2024-04-09T01:26:36 IST" name="Default test" finished-at="2024-04-09T01:26:46 IST" duration-ms="10496">
      <class name="CURD.TC_Integration">
        <test-method is-config="true" signature="setup()[pri:0, instance:CURD.TC_Integration@2bb3058]" started-at="2024-04-09T01:26:36 IST" name="setup" finished-at="2024-04-09T01:26:37 IST" duration-ms="1198" status="PASS">
          <reporter-output>
          </reporter-output>
        </test-method> <!-- setup -->
        <test-method signature="testCreateBooking()[pri:0, instance:CURD.TC_Integration@2bb3058]" started-at="2024-04-09T01:26:37 IST" name="testCreateBooking" finished-at="2024-04-09T01:26:43 IST" duration-ms="5420" status="PASS">
          <reporter-output>
          </reporter-output>
        </test-method> <!-- testCreateBooking -->
        <test-method is-config="true" signature="setup()[pri:0, instance:CURD.TC_Integration@2bb3058]" started-at="2024-04-09T01:26:43 IST" name="setup" finished-at="2024-04-09T01:26:43 IST" duration-ms="1" status="PASS">
          <reporter-output>
          </reporter-output>
        </test-method> <!-- setup -->
        <test-method signature="testCreateAndUpdateBooking()[pri:0, instance:CURD.TC_Integration@2bb3058]" started-at="2024-04-09T01:26:43 IST" name="testCreateAndUpdateBooking" finished-at="2024-04-09T01:26:44 IST" depends-on-methods="CURD.TC_Integration.testCreateBooking" duration-ms="1309" status="PASS">
          <reporter-output>
          </reporter-output>
        </test-method> <!-- testCreateAndUpdateBooking -->
        <test-method is-config="true" signature="setup()[pri:0, instance:CURD.TC_Integration@2bb3058]" started-at="2024-04-09T01:26:44 IST" name="setup" finished-at="2024-04-09T01:26:44 IST" duration-ms="2" status="PASS">
          <reporter-output>
          </reporter-output>
        </test-method> <!-- setup -->
        <test-method signature="testDeleteCreateBooking()[pri:0, instance:CURD.TC_Integration@2bb3058]" started-at="2024-04-09T01:26:44 IST" name="testDeleteCreateBooking" finished-at="2024-04-09T01:26:45 IST" depends-on-methods="CURD.TC_Integration.testCreateAndUpdateBooking" duration-ms="1149" status="PASS">
          <reporter-output>
          </reporter-output>
        </test-method> <!-- testDeleteCreateBooking -->
        <test-method is-config="true" signature="setup()[pri:0, instance:CURD.TC_Integration@2bb3058]" started-at="2024-04-09T01:26:45 IST" name="setup" finished-at="2024-04-09T01:26:45 IST" duration-ms="1" status="PASS">
          <reporter-output>
          </reporter-output>
        </test-method> <!-- setup -->
        <test-method signature="testDeleteBookingByGet()[pri:0, instance:CURD.TC_Integration@2bb3058]" started-at="2024-04-09T01:26:45 IST" name="testDeleteBookingByGet" finished-at="2024-04-09T01:26:46 IST" depends-on-methods="CURD.TC_Integration.testDeleteCreateBooking" duration-ms="1147" status="PASS">
          <reporter-output>
          </reporter-output>
        </test-method> <!-- testDeleteBookingByGet -->
      </class> <!-- CURD.TC_Integration -->
    </test> <!-- Default test -->
  </suite> <!-- Default suite -->
</testng-results>
